生成启动时间为 2017/8/21 15:57:07。
     1>项目“D:\cyj\GitRepositories\AI.git\AutoPrograming\AutoPrograming\AutoPrograming.vcxproj”在节点 2 上(build 个目标)。
     1>InitializeBuildStatus:
         正在创建“Release\AutoPrograming.unsuccessfulbuild”，因为已指定“AlwaysCreate”。
       ClCompile:
         所有输出均为最新。
         D:\Program Files (x86)\Microsoft Visual Studio 10.0\VC\bin\CL.exe /c /Zi /nologo /W3 /WX- /O2 /Oi /Oy- /GL /D WIN32 /D NDEBUG /D _CONSOLE /D _UNICODE /D UNICODE /Gm- /EHsc /MD /GS /Gy /fp:precise /Zc:wchar_t /Zc:forScope /Yu"StdAfx.h" /Fp"Release\AutoPrograming.pch" /Fo"Release\\" /Fd"Release\vc100.pdb" /Gd /TP /analyze- /errorReport:prompt AutoPrograming.cpp
         AutoPrograming.cpp
       Link:
         D:\Program Files (x86)\Microsoft Visual Studio 10.0\VC\bin\link.exe /ERRORREPORT:PROMPT /OUT:"D:\cyj\GitRepositories\AI.git\AutoPrograming\Release\AutoPrograming.exe" /INCREMENTAL:NO /NOLOGO kernel32.lib user32.lib gdi32.lib winspool.lib comdlg32.lib advapi32.lib shell32.lib ole32.lib oleaut32.lib uuid.lib odbc32.lib odbccp32.lib /MANIFEST /ManifestFile:"Release\AutoPrograming.exe.intermediate.manifest" /MANIFESTUAC:"level='asInvoker' uiAccess='false'" /DEBUG /PDB:"D:\cyj\GitRepositories\AI.git\AutoPrograming\Release\AutoPrograming.pdb" /SUBSYSTEM:CONSOLE /OPT:REF /OPT:ICF /LTCG /TLBID:1 /DYNAMICBASE /NXCOMPAT /IMPLIB:"D:\cyj\GitRepositories\AI.git\AutoPrograming\Release\AutoPrograming.lib" /MACHINE:X86 Release\AutoPrograming.obj
         Release\stdafx.obj
         正在生成代码
         已完成代码的生成
         AutoPrograming.vcxproj -> D:\cyj\GitRepositories\AI.git\AutoPrograming\Release\AutoPrograming.exe
       Manifest:
         C:\Program Files (x86)\Microsoft SDKs\Windows\v7.0A\bin\mt.exe /nologo /verbose /outputresource:"D:\cyj\GitRepositories\AI.git\AutoPrograming\Release\AutoPrograming.exe;#1" /manifest Release\AutoPrograming.exe.intermediate.manifest
       FinalizeBuildStatus:
         正在删除文件“Release\AutoPrograming.unsuccessfulbuild”。
         正在对“Release\AutoPrograming.lastbuildstate”执行 Touch 任务。
     1>已完成生成项目“D:\cyj\GitRepositories\AI.git\AutoPrograming\AutoPrograming\AutoPrograming.vcxproj”(build 个目标)的操作。

生成成功。

已用时间 00:00:00.78
